Start testing: Sep 25 08:34 UTC
----------------------------------------------------------
1/15 Testing: test_ring
1/15 Test: test_ring
Command: "/home/user/sdlop/build-san/test_ring"
Directory: /home/user/sdlop/build-san
"test_ring" start time: Sep 25 08:34 UTC
Output:
----------------------------------------------------------
test_ring: PASS (4000000 events transferred, overflow drop OK)
<end of output>
Test time =   0.57 sec
----------------------------------------------------------
Test Passed.
"test_ring" end time: Sep 25 08:34 UTC
"test_ring" time elapsed: 00:00:00
----------------------------------------------------------

2/15 Testing: test_scancode
2/15 Test: test_scancode
Command: "/home/user/sdlop/build-san/test_scancode"
Directory: /home/user/sdlop/build-san
"test_scancode" start time: Sep 25 08:34 UTC
Output:
----------------------------------------------------------
test_scancode: PASS (768 evdev codes mapped)
<end of output>
Test time =   0.01 sec
----------------------------------------------------------
Test Passed.
"test_scancode" end time: Sep 25 08:34 UTC
"test_scancode" time elapsed: 00:00:00
----------------------------------------------------------

3/15 Testing: test_events
3/15 Test: test_events
Command: "/home/user/sdlop/build-san/test_events"
Directory: /home/user/sdlop/build-san
"test_events" start time: Sep 25 08:34 UTC
Output:
----------------------------------------------------------
[INFO] SDLop raw input unavailable: 
test_events: PASS
<end of output>
Test time =   0.07 sec
----------------------------------------------------------
Test Passed.
"test_events" end time: Sep 25 08:34 UTC
"test_events" time elapsed: 00:00:00
----------------------------------------------------------

4/15 Testing: test_surface
4/15 Test: test_surface
Command: "/home/user/sdlop/build-san/test_surface"
Directory: /home/user/sdlop/build-san
"test_surface" start time: Sep 25 08:34 UTC
Output:
----------------------------------------------------------
[INFO] SDLop raw input unavailable: 
test_surface: PASS
<end of output>
Test time =   0.02 sec
----------------------------------------------------------
Test Passed.
"test_surface" end time: Sep 25 08:34 UTC
"test_surface" time elapsed: 00:00:00
----------------------------------------------------------

5/15 Testing: test_web
5/15 Test: test_web
Command: "/home/user/sdlop/build-san/test_web"
Directory: /home/user/sdlop/build-san
"test_web" start time: Sep 25 08:34 UTC
Output:
----------------------------------------------------------
[INFO] SDLop raw input unavailable: No readable /dev/input devices (need root or the 'input' group); falling back to window-system input
test_web: environment = nodetest_web: PASS
<end of output>
Test time =   0.02 sec
----------------------------------------------------------
Test Passed.
"test_web" end time: Sep 25 08:34 UTC
"test_web" time elapsed: 00:00:00
----------------------------------------------------------

6/15 Testing: test_evdev_uinput
6/15 Test: test_evdev_uinput
Command: "/home/user/sdlop/build-san/test_evdev_uinput"
Directory: /home/user/sdlop/build-san
"test_evdev_uinput" start time: Sep 25 08:34 UTC
Output:
----------------------------------------------------------
test_evdev_uinput: SKIP (/dev/uinput not accessible)
<end of output>
Test time =   0.01 sec
----------------------------------------------------------
Test Passed.
"test_evdev_uinput" end time: Sep 25 08:34 UTC
"test_evdev_uinput" time elapsed: 00:00:00
----------------------------------------------------------

7/15 Testing: test_wayland
7/15 Test: test_wayland
Command: "/home/user/sdlop/build-san/test_wayland"
Directory: /home/user/sdlop/build-san
"test_wayland" start time: Sep 25 08:34 UTC
Output:
----------------------------------------------------------
[INFO] SDLop raw input unavailable: 
xdg_surface#11: error 3: xdg_surface has never been configured
display scale: 1
test_wayland: PASS
<end of output>
Test time =   0.69 sec
----------------------------------------------------------
Test Passed.
"test_wayland" end time: Sep 25 08:34 UTC
"test_wayland" time elapsed: 00:00:00
----------------------------------------------------------

8/15 Testing: test_gl
8/15 Test: test_gl
Command: "/home/user/sdlop/build-san/test_gl"
Directory: /home/user/sdlop/build-san
"test_gl" start time: Sep 25 08:34 UTC
Output:
----------------------------------------------------------
[INFO] SDLop raw input unavailable: 
[INFO] SDLop EGL 1.5 on Wayland (1.5)
GL_VERSION: OpenGL ES 3.2 Mesa 25.0.7-2+deb13u1
GL_RENDERER: llvmpipe (LLVM 19.1.7, 256 bits)
test_gl: PASS
<end of output>
Test time =   0.07 sec
----------------------------------------------------------
Test Passed.
"test_gl" end time: Sep 25 08:34 UTC
"test_gl" time elapsed: 00:00:00
----------------------------------------------------------

9/15 Testing: test_pointer_lock
9/15 Test: test_pointer_lock
Command: "/home/user/sdlop/build-san/test_pointer_lock" "/home/user/sdlop/build-san/mini_compositor"
Directory: /home/user/sdlop/build-san
"test_pointer_lock" start time: Sep 25 08:34 UTC
Output:
----------------------------------------------------------
mini: listening on wayland-mini
[INFO] SDLop raw input unavailable: 
mini: sent initial configure
mini: sent pointer enter
mini: sent touch 2-finger sequence + cancel
mini: relative pointer created
mini: lock_pointer -> locked
mini: sent relative_motion(10.5, -3.25)
mini: locked_pointer destroyed (client unlocked)
mini: sent absolute motion(600, 450) after unlock
mini: client disconnected, exiting
test_pointer_lock: PASS
<end of output>
Test time =   0.35 sec
----------------------------------------------------------
Test Passed.
"test_pointer_lock" end time: Sep 25 08:34 UTC
"test_pointer_lock" time elapsed: 00:00:00
----------------------------------------------------------

10/15 Testing: test_touch
10/15 Test: test_touch
Command: "/home/user/sdlop/build-san/test_touch" "/home/user/sdlop/build-san/mini_compositor"
Directory: /home/user/sdlop/build-san
"test_touch" start time: Sep 25 08:34 UTC
Output:
----------------------------------------------------------
mini: listening on wayland-mini
[INFO] SDLop raw input unavailable: 
mini: sent initial configure
mini: sent pointer enter
mini: sent touch 2-finger sequence + cancel
mini: client disconnected, exiting
test_touch: PASS
<end of output>
Test time =   0.04 sec
----------------------------------------------------------
Test Passed.
"test_touch" end time: Sep 25 08:34 UTC
"test_touch" time elapsed: 00:00:00
----------------------------------------------------------

11/15 Testing: smoke_relative_mode
11/15 Test: smoke_relative_mode
Command: "/home/user/sdlop/build-san/smoke_relative_mode"
Directory: /home/user/sdlop/build-san
"smoke_relative_mode" start time: Sep 25 08:34 UTC
Output:
----------------------------------------------------------
[INFO] SDLop raw input unavailable: 
relative mode refused (expected on seat-less compositors): No wl_pointer (compositor seat has no pointer capability)
smoke_relative_mode: PASS
<end of output>
Test time =   0.22 sec
----------------------------------------------------------
Test Passed.
"smoke_relative_mode" end time: Sep 25 08:34 UTC
"smoke_relative_mode" time elapsed: 00:00:00
----------------------------------------------------------

12/15 Testing: test_gl_matrix
12/15 Test: test_gl_matrix
Command: "/home/user/sdlop/build-san/test_gl_matrix"
Directory: /home/user/sdlop/build-san
"test_gl_matrix" start time: Sep 25 08:34 UTC
Output:
----------------------------------------------------------
[INFO] SDLop raw input unavailable: 
[INFO] SDLop EGL 1.5 on Wayland (1.5)
GLES 2.0: GL_VERSION='OpenGL ES 3.2 Mesa 25.0.7-2+deb13u1' RENDERER='llvmpipe (LLVM 19.1.7, 256 bits)'
GLES 3.0: GL_VERSION='OpenGL ES 3.2 Mesa 25.0.7-2+deb13u1' RENDERER='llvmpipe (LLVM 19.1.7, 256 bits)'
GL 3.3 core: GL_VERSION='4.5 (Core Profile) Mesa 25.0.7-2+deb13u1' RENDERER='llvmpipe (LLVM 19.1.7, 256 bits)'
GL 4.5 core: GL_VERSION='4.5 (Core Profile) Mesa 25.0.7-2+deb13u1' RENDERER='llvmpipe (LLVM 19.1.7, 256 bits)'
test_gl_matrix: PASS (0 configs skipped)
<end of output>
Test time =   0.23 sec
----------------------------------------------------------
Test Passed.
"test_gl_matrix" end time: Sep 25 08:34 UTC
"test_gl_matrix" time elapsed: 00:00:00
----------------------------------------------------------

13/15 Testing: test_vulkan
13/15 Test: test_vulkan
Command: "/home/user/sdlop/build-san/test_vulkan"
Directory: /home/user/sdlop/build-san
"test_vulkan" start time: Sep 25 08:34 UTC
Output:
----------------------------------------------------------
[INFO] SDLop raw input unavailable: 
readback pixel: R=255 G=0 B=255
test_vulkan: PASS
<end of output>
Test time =   0.09 sec
----------------------------------------------------------
Test Passed.
"test_vulkan" end time: Sep 25 08:34 UTC
"test_vulkan" time elapsed: 00:00:00
----------------------------------------------------------

14/15 Testing: test_vulkan_compute
14/15 Test: test_vulkan_compute
Command: "/home/user/sdlop/build-san/test_vulkan_compute"
Directory: /home/user/sdlop/build-san
"test_vulkan_compute" start time: Sep 25 08:34 UTC
Output:
----------------------------------------------------------
device 0: llvmpipe (LLVM 19.1.7, 256 bits)
compute: all 256 outputs correct
test_vulkan_compute: PASS
<end of output>
Test time =   0.07 sec
----------------------------------------------------------
Test Passed.
"test_vulkan_compute" end time: Sep 25 08:34 UTC
"test_vulkan_compute" time elapsed: 00:00:00
----------------------------------------------------------

15/15 Testing: test_virtual_input
15/15 Test: test_virtual_input
Command: "/home/user/sdlop/build-san/test_virtual_input"
Directory: /home/user/sdlop/build-san
"test_virtual_input" start time: Sep 25 08:34 UTC
Output:
----------------------------------------------------------
[INFO] SDLop raw input unavailable: 
enter at (64.0, 64.0) [window at (0,0)]
wheel y=-1.500000
test_virtual_input: PASS
<end of output>
Test time =   0.31 sec
----------------------------------------------------------
Test Passed.
"test_virtual_input" end time: Sep 25 08:34 UTC
"test_virtual_input" time elapsed: 00:00:00
----------------------------------------------------------

End testing: Sep 25 08:34 UTC
